#
# There is insufficient memory for the Java Runtime Environment to continue.
# Native memory allocation (mmap) failed to map 266338304 bytes for Failed to commit area from 0x0000000702200000 to 0x0000000712000000 of length 266338304.
# Possible reasons:
#   The system is out of physical RAM or swap space
#   The process is running with CompressedOops enabled, and the Java Heap may be blocking the growth of the native heap
# Possible solutions:
#   Reduce memory load on the system
#   Increase physical memory or swap space
#   Check if swap backing store is full
#   Decrease Java heap size (-Xmx/-Xms)
#   Decrease number of Java threads
#   Decrease Java thread stack sizes (-Xss)
#   Set larger code cache with -XX:ReservedCodeCacheSize=
#   JVM is running with Zero Based Compressed Oops mode in which the Java heap is
#     placed in the first 32GB address space. The Java Heap base address is the
#     maximum limit for the native heap growth. Please use -XX:HeapBaseMinAddress
#     to set the Java Heap base and to place the Java Heap above 32GB virtual address.
# This output file may be truncated or incomplete.
#
#  Out of Memory Error (./open/src/hotspot/os/windows/os_windows.cpp:3315), pid=10876, tid=41876
#
# JRE version:  (14.0.1+7) (build )
# Java VM: Java HotSpot(TM) 64-Bit Server VM (14.0.1+7, mixed mode, sharing, tiered, compressed oops, g1 gc, windows-amd64)
# No core dump will be written. Minidumps are not enabled by default on client versions of Windows
#

---------------  S U M M A R Y ------------

Command Line: -agentlib:jdwp=transport=dt_socket,address=127.0.0.1:50571,suspend=y,server=n -XX:TieredStopAtLevel=1 -Xverify:none -Dspring.output.ansi.enabled=always -Dcom.sun.management.jmxremote -Dspring.jmx.enabled=true -Dspring.liveBeansView.mbeanDomain -Dspring.application.admin.enabled=true -javaagent:C:\Users\86155\AppData\Local\JetBrains\IntelliJIdea2020.2\captureAgent\debugger-agent.jar -Dfile.encoding=UTF-8 com.zxj.springcloud.hystrix.HystrixApplication

Host: Intel(R) Core(TM) i5-10400F CPU @ 2.90GHz, 12 cores, 15G,  Windows 10 , 64 bit Build 18362 (10.0.18362.1110)
Time: Sun Nov  8 09:53:38 2020 ?D1¨²¡À¨º¡Á?¨º¡À?? elapsed time: 0 seconds (0d 0h 0m 0s)

---------------  T H R E A D  ---------------

Current thread (0x000001eeb1811800):  JavaThread "Unknown thread" [_thread_in_vm, id=41876, stack(0x0000004ca8600000,0x0000004ca8700000)]

Stack: [0x0000004ca8600000,0x0000004ca8700000]
Native frames: (J=compiled Java code, j=interpreted, Vv=VM code, C=native code)
V  [jvm.dll+0x5f840a]
V  [jvm.dll+0x741e4a]
V  [jvm.dll+0x7435ff]
V  [jvm.dll+0x743c43]
V  [jvm.dll+0x20d288]
V  [jvm.dll+0x5f57ba]
V  [jvm.dll+0x5ea615]
V  [jvm.dll+0x2c7e9c]
V  [jvm.dll+0x2c7cd2]
V  [jvm.dll+0x2cdbbc]
V  [jvm.dll+0x313ff8]
V  [jvm.dll+0x313720]
V  [jvm.dll+0x2a092a]
V  [jvm.dll+0x2a1a79]
V  [jvm.dll+0x71f718]
V  [jvm.dll+0x321c44]
V  [jvm.dll+0x700b0c]
V  [jvm.dll+0x392dff]
V  [jvm.dll+0x394e71]
C  [jli.dll+0x523b]
C  [ucrtbase.dll+0x210b2]
C  [KERNEL32.DLL+0x17c24]
C  [ntdll.dll+0x6cea1]


---------------  P R O C E S S  ---------------

Threads class SMR info:
_java_thread_list=0x00007ffc66cf3078, length=0, elements={
}

Java Threads: ( => current thread )

Other Threads:
  0x000001eeb1879800 GCTaskThread "GC Thread#0" [stack: 0x0000004ca8700000,0x0000004ca8800000] [id=15980]
  0x000001eeb189b000 ConcurrentGCThread "G1 Main Marker" [stack: 0x0000004ca8800000,0x0000004ca8900000] [id=9000]
  0x000001eeb189d800 ConcurrentGCThread "G1 Conc#0" [stack: 0x0000004ca8900000,0x0000004ca8a00000] [id=23232]

[error occurred during error reporting (printing all threads), id 0xc0000005, EXCEPTION_ACCESS_VIOLATION (0xc0000005) at pc=0x00007ffc66521257]

VM state:not at safepoint (not fully initialized)

VM Mutex/Monitor currently owned by a thread:  ([mutex/lock_event])
[0x000001eeb180bfd0] Heap_lock - owner thread: 0x000001eeb1811800

Heap address: 0x0000000702200000, size: 4062 MB, Compressed Oops mode: Zero based, Oop shift amount: 3
Narrow klass base: 0x0000000000000000, Narrow klass shift: 0

GC Heap History (0 events):
No events

Deoptimization events (0 events):
No events

Classes unloaded (0 events):
No events

Classes redefined (0 events):
No events

Internal exceptions (0 events):
No events

Events (2 events):
Event: 0.011 Loaded shared library C:\Program Files\Java\jdk-14.0.1\bin\java.dll
Event: 0.012 Loaded shared library C:\Program Files\Java\jdk-14.0.1\bin\zip.dll


Dynamic libraries:
0x00007ff7a8e70000 - 0x00007ff7a8e7f000 	C:\Program Files\Java\jdk-14.0.1\bin\java.exe
0x00007ffcbca40000 - 0x00007ffcbcc30000 	C:\windows\SYSTEM32\ntdll.dll
0x00007ffcbacc0000 - 0x00007ffcbad72000 	C:\windows\System32\KERNEL32.DLL
0x00007ffcba3f0000 - 0x00007ffcba695000 	C:\windows\System32\KERNELBASE.dll
0x00007ffcba970000 - 0x00007ffcbaa6a000 	C:\windows\System32\ucrtbase.dll
0x00007ffc8ca00000 - 0x00007ffc8ca18000 	C:\Program Files\Java\jdk-14.0.1\bin\jli.dll
0x00007ffc8a930000 - 0x00007ffc8a945000 	C:\Program Files\Java\jdk-14.0.1\bin\VCRUNTIME140.dll
0x00007ffcbc950000 - 0x00007ffcbc9f3000 	C:\windows\System32\ADVAPI32.dll
0x00007ffcbab50000 - 0x00007ffcbabee000 	C:\windows\System32\msvcrt.dll
0x00007ffcbb920000 - 0x00007ffcbb9b7000 	C:\windows\System32\sechost.dll
0x00007ffcbb800000 - 0x00007ffcbb920000 	C:\windows\System32\RPCRT4.dll
0x00007ffcbc4a0000 - 0x00007ffcbc634000 	C:\windows\System32\USER32.dll
0x00007ffcba920000 - 0x00007ffcba941000 	C:\windows\System32\win32u.dll
0x00007ffcbb7d0000 - 0x00007ffcbb7f6000 	C:\windows\System32\GDI32.dll
0x00007ffcba150000 - 0x00007ffcba2e6000 	C:\windows\System32\gdi32full.dll
0x00007ffcaa220000 - 0x00007ffcaa4a4000 	C:\windows\WinSxS\amd64_microsoft.windows.common-controls_6595b64144ccf1df_6.0.18362.1139_none_9e7bf2d3e4605ac6\COMCTL32.dll
0x00007ffcba6a0000 - 0x00007ffcba73e000 	C:\windows\System32\msvcp_win.dll
0x00007ffcbb490000 - 0x00007ffcbb7c5000 	C:\windows\System32\combase.dll
0x00007ffcbaa70000 - 0x00007ffcbaaf0000 	C:\windows\System32\bcryptPrimitives.dll
0x00007ffcb94d0000 - 0x00007ffcb94da000 	C:\windows\SYSTEM32\VERSION.dll
0x00007ffcbb9c0000 - 0x00007ffcbb9ee000 	C:\windows\System32\IMM32.DLL
0x00007ffc7cac0000 - 0x00007ffc7cb5b000 	C:\Program Files\Java\jdk-14.0.1\bin\msvcp140.dll
0x00007ffc66270000 - 0x00007ffc66d8e000 	C:\Program Files\Java\jdk-14.0.1\bin\server\jvm.dll
0x00007ffcbc060000 - 0x00007ffcbc068000 	C:\windows\System32\PSAPI.DLL
0x00007ffc9d230000 - 0x00007ffc9d239000 	C:\windows\SYSTEM32\WSOCK32.dll
0x00007ffcb7010000 - 0x00007ffcb7034000 	C:\windows\SYSTEM32\WINMM.dll
0x00007ffcbc0f0000 - 0x00007ffcbc15f000 	C:\windows\System32\WS2_32.dll
0x00007ffcb6e00000 - 0x00007ffcb6e2d000 	C:\windows\SYSTEM32\winmmbase.dll
0x00007ffcba3a0000 - 0x00007ffcba3ea000 	C:\windows\System32\cfgmgr32.dll
0x00007ffcb9980000 - 0x00007ffcb9991000 	C:\windows\System32\kernel.appcore.dll
0x00007ffc99de0000 - 0x00007ffc99dea000 	C:\Program Files\Java\jdk-14.0.1\bin\jimage.dll
0x00007ffcb8190000 - 0x00007ffcb8384000 	C:\windows\SYSTEM32\DBGHELP.DLL
0x00007ffca5ce0000 - 0x00007ffca5d0a000 	C:\windows\SYSTEM32\dbgcore.DLL
0x00007ffcafa10000 - 0x00007ffcafa48000 	C:\Program Files\Java\jdk-14.0.1\bin\jdwp.dll
0x00007ffc863b0000 - 0x00007ffc863d5000 	C:\Program Files\Java\jdk-14.0.1\bin\java.dll
0x00007ffcb0ac0000 - 0x00007ffcb0ace000 	C:\Program Files\Java\jdk-14.0.1\bin\instrument.dll
0x00007ffc8a910000 - 0x00007ffc8a926000 	C:\Program Files\Java\jdk-14.0.1\bin\zip.dll

dbghelp: loaded successfully - version: 4.0.5 - missing functions: none
symbol engine: initialized successfully - sym options: 0x614 - pdb path: .;C:\Program Files\Java\jdk-14.0.1\bin;C:\windows\SYSTEM32;C:\windows\WinSxS\amd64_microsoft.windows.common-controls_6595b64144ccf1df_6.0.18362.1139_none_9e7bf2d3e4605ac6;C:\Program Files\Java\jdk-14.0.1\bin\server

VM Arguments:
jvm_args: -agentlib:jdwp=transport=dt_socket,address=127.0.0.1:50571,suspend=y,server=n -XX:TieredStopAtLevel=1 -Xverify:none -Dspring.output.ansi.enabled=always -Dcom.sun.management.jmxremote -Dspring.jmx.enabled=true -Dspring.liveBeansView.mbeanDomain -Dspring.application.admin.enabled=true -javaagent:C:\Users\86155\AppData\Local\JetBrains\IntelliJIdea2020.2\captureAgent\debugger-agent.jar -Dfile.encoding=UTF-8 
java_command: com.zxj.springcloud.hystrix.HystrixApplication
java_class_path (initial): C:\Users\86155\IdeaProjects\zxjSpringcloudDemo\hystrix\target\classes;D:\repository\org\springframework\cloud\spring-cloud-starter-netflix-hystrix\2.2.1.RELEASE\spring-cloud-starter-netflix-hystrix-2.2.1.RELEASE.jar;D:\repository\org\springframework\cloud\spring-cloud-starter\2.2.1.RELEASE\spring-cloud-starter-2.2.1.RELEASE.jar;D:\repository\org\springframework\cloud\spring-cloud-context\2.2.1.RELEASE\spring-cloud-context-2.2.1.RELEASE.jar;D:\repository\org\springframework\security\spring-security-rsa\1.0.9.RELEASE\spring-security-rsa-1.0.9.RELEASE.jar;D:\repository\org\bouncycastle\bcpkix-jdk15on\1.64\bcpkix-jdk15on-1.64.jar;D:\repository\org\bouncycastle\bcprov-jdk15on\1.64\bcprov-jdk15on-1.64.jar;D:\repository\org\springframework\cloud\spring-cloud-netflix-hystrix\2.2.1.RELEASE\spring-cloud-netflix-hystrix-2.2.1.RELEASE.jar;D:\repository\org\springframework\boot\spring-boot-starter-aop\2.2.2.RELEASE\spring-boot-starter-aop-2.2.2.RELEASE.jar;D:\repository\org\springframework\cloud\spring-cloud-netflix-ribbon\2.2.1.RELEASE\spring-cloud-netflix-ribbon-2.2.1.RELEASE.jar;D:\repository\org\springframework\cloud\spring-cloud-netflix-archaius\2.2.1.RELEASE\spring-cloud-netflix-archaius-2.2.1.RELEASE.jar;D:\repository\org\springframework\cloud\spring-cloud-starter-netflix-archaius\2.2.1.RELEASE\spring-cloud-starter-netflix-archaius-2.2.1.RELEASE.jar;D:\repository\com\netflix\archaius\archaius-core\0.7.6\archaius-core-0.7.6.jar;D:\repository\com\google\code\findbugs\jsr305\3.0.1\jsr305-3.0.1.jar;D:\repository\commons-configuration\commons-configuration\1.8\commons-configuration-1.8.jar;D:\repository\commons-lang\commons-lang\2.6\commons-lang-2.6.jar;D:\repository\com\netflix\hystrix\hystrix-core\1.5.18\hystrix-core-1.5.18.jar;D:\repository\org\slf4j\slf4j-api\1.7.29\slf4j-api-1.7.29.jar;D:\repository\io\reactivex\rxjava\1.3.8\rxjava-1.3.8.jar;D:\repository\org\hdrhistogram\HdrHistogram\2.1.9\HdrHistogram-2.1.9.jar;D:\repository\com\netflix\hyst
Launcher Type: SUN_STANDARD

[Global flags]
     intx CICompilerCount                          = 4                                         {product} {ergonomic}
     uint ConcGCThreads                            = 3                                         {product} {ergonomic}
     uint G1ConcRefinementThreads                  = 10                                        {product} {ergonomic}
   size_t G1HeapRegionSize                         = 1048576                                   {product} {ergonomic}
    uintx GCDrainStackTargetSize                   = 64                                        {product} {ergonomic}
   size_t InitialHeapSize                          = 266338304                                 {product} {ergonomic}
     bool ManagementServer                         = true                                      {product} {command line}
   size_t MarkStackSize                            = 4194304                                   {product} {ergonomic}
   size_t MaxHeapSize                              = 4259315712                                {product} {ergonomic}
   size_t MinHeapDeltaBytes                        = 1048576                                   {product} {ergonomic}
   size_t MinHeapSize                              = 8388608                                   {product} {ergonomic}
    uintx NonNMethodCodeHeapSize                   = 7549744                                {pd product} {ergonomic}
    uintx NonProfiledCodeHeapSize                  = 244108496                              {pd product} {ergonomic}
    uintx ProfiledCodeHeapSize                     = 0                                      {pd product} {ergonomic}
    uintx ReservedCodeCacheSize                    = 251658240                              {pd product} {ergonomic}
     bool SegmentedCodeCache                       = true                                      {product} {ergonomic}
   size_t SoftMaxHeapSize                          = 4259315712                             {manageable} {ergonomic}
     intx TieredStopAtLevel                        = 1                                         {product} {command line}
     bool UseCompressedClassPointers               = true                                 {lp64_product} {ergonomic}
     bool UseCompressedOops                        = true                                 {lp64_product} {ergonomic}
     bool UseG1GC                                  = true                                      {product} {ergonomic}
     bool UseLargePagesIndividualAllocation        = false                                  {pd product} {ergonomic}

Logging:
Log output configuration:
 #0: stdout all=warning uptime,level,tags
 #1: stderr all=off uptime,level,tags

Environment Variables:
JAVA_HOME=C:\Program Files\Java\jdk-14.0.1
CLASSPATH=.;C:\Program Files\Java\jdk-14.0.1\lib;C:\Program Files\Java\jdk-14.0.1\lib\tool.jar
PATH=D:\Program Files (x86)\NetSarang\Xftp 6\;C:\windows\system32;C:\windows;C:\windows\System32\Wbem;C:\windows\System32\WindowsPowerShell\v1.0\;C:\windows\System32\OpenSSH\;C:\Program Files (x86)\NVIDIA Corporation\PhysX\Common;C:\Program Files\NVIDIA Corporation\NVIDIA NvDLISR;C:\Program Files\Java\jdk-14.0.1\bin;.;C:\Program Files\Java\jdk-14.0.1\lib;C:\Program Files\Java\jdk-14.0.1\lib\tool.jar;C:\Program Files\Git\cmd;C:\Program Files\TortoiseGit\bin;C:\Program Files\nodejs\;C:\Program Files (x86)\Yarn\bin\;C:\Program Files\MySQL\MySQL Server 8.0\bin;C:\Program Files\MySQL\MySQL Shell 8.0\bin\;C:\Users\86155\AppData\Local\Microsoft\WindowsApps;C:\Users\86155\AppData\Roaming\npm;C:\Users\86155\AppData\Local\Yarn\bin
USERNAME=86155
OS=Windows_NT
PROCESSOR_IDENTIFIER=Intel64 Family 6 Model 165 Stepping 3, GenuineIntel



---------------  S Y S T E M  ---------------

OS: Windows 10 , 64 bit Build 18362 (10.0.18362.1110)
OS uptime: 9 days 15:32 hours

CPU:total 12 (initial active 12) (6 cores per cpu, 2 threads per core) family 6 model 165 stepping 3, cmov, cx8, fxsr, mmx, sse, sse2, sse3, ssse3, sse4.1, sse4.2, popcnt, avx, avx2, aes, clmul, erms, 3dnowpref, lzcnt, ht, tsc, tscinvbit, bmi1, bmi2, adx, fma

Memory: 4k page, system-wide physical 16245M (6880M free)
TotalPageFile size 46663M (AvailPageFile size 49M)
current process WorkingSet (physical memory assigned to process): 10M, peak: 10M
current process commit charge ("private bytes"): 62M, peak: 316M

vm_info: Java HotSpot(TM) 64-Bit Server VM (14.0.1+7) for windows-amd64 JRE (14.0.1+7), built on Mar  5 2020 10:30:14 by "mach5one" with MS VC++ 15.9 (VS2017)

END.
